# JRE version: OpenJDK Runtime Environment (21.0.4) (build 21.0.4+-12508038-b607.1)
# Java VM: OpenJDK 64-Bit Server VM (21.0.4+-12508038-b607.1, mixed mode, tiered, compressed oops, compressed class ptrs, g1 gc, windows-amd64)
GC Precious Log:
 CardTable entry size: 512
 Card Set container configuration: InlinePtr #cards 5 size 8 Array Of Cards #cards 12 size 40 Howl #buckets 4 coarsen threshold 1843 Howl Bitmap #cards 512 size 80 coarsen threshold 460 Card regions per heap region 1 cards per card region 2048
 CPUs: 8 total, 8 available
 Memory: 6091M
 Large Page Support: Disabled
 NUMA Support: Disabled
 Compressed Oops: Enabled (32-bit)
 Heap Region Size: 1M
 Heap Min Capacity: 8M
 Heap Initial Capacity: 96M
 Heap Max Capacity: 2G
 Pre-touch: Disabled
 Parallel Workers: 8
 Concurrent Workers: 2
 Concurrent Refinement Workers: 8
 Periodic GC: Disabled
Heap:
 garbage-first heap   total 110592K, used 54213K [0x0000000080000000, 0x0000000100000000)
  region size 1024K, 15 young (15360K), 6 survivors (6144K)
 Metaspace       used 48521K, committed 49856K, reserved 1114112K
  class space    used 6575K, committed 7232K, reserved 1048576K
GC Heap History (18 events):
Event: 0.675 GC heap before
{Heap before GC invocations=0 (full 0):
 garbage-first heap   total 98304K, used 22528K [0x0000000080000000, 0x0000000100000000)
  region size 1024K, 23 young (23552K), 0 survivors (0K)
 Metaspace       used 7998K, committed 8128K, reserved 1114112K
  class space    used 712K, committed 768K, reserved 1048576K
}
Event: 0.683 GC heap after
{Heap after GC invocations=1 (full 0):
 garbage-first heap   total 98304K, used 5078K [0x0000000080000000, 0x0000000100000000)
  region size 1024K, 3 young (3072K), 3 survivors (3072K)
 Metaspace       used 7998K, committed 8128K, reserved 1114112K
  class space    used 712K, committed 768K, reserved 1048576K
}
Event: 1.455 GC heap before
{Heap before GC invocations=1 (full 0):
 garbage-first heap   total 98304K, used 41942K [0x0000000080000000, 0x0000000100000000)
  region size 1024K, 35 young (35840K), 3 survivors (3072K)
 Metaspace       used 12099K, committed 12288K, reserved 1114112K
  class space    used 1276K, committed 1408K, reserved 1048576K
}
Event: 1.464 GC heap after
{Heap after GC invocations=2 (full 0):
 garbage-first heap   total 98304K, used 11914K [0x0000000080000000, 0x0000000100000000)
  region size 1024K, 3 young (3072K), 3 survivors (3072K)
 Metaspace       used 12099K, committed 12288K, reserved 1114112K
  class space    used 1276K, committed 1408K, reserved 1048576K
}
Event: 2.139 GC heap before
{Heap before GC invocations=2 (full 0):
 garbage-first heap   total 98304K, used 54922K [0x0000000080000000, 0x0000000100000000)
  region size 1024K, 44 young (45056K), 3 survivors (3072K)
 Metaspace       used 12865K, committed 13120K, reserved 1114112K
  class space    used 1404K, committed 1536K, reserved 1048576K
}
Event: 2.148 GC heap after
{Heap after GC invocations=3 (full 0):
 garbage-first heap   total 98304K, used 17408K [0x0000000080000000, 0x0000000100000000)
  region size 1024K, 6 young (6144K), 6 survivors (6144K)
 Metaspace       used 12865K, committed 13120K, reserved 1114112K
  class space    used 1404K, committed 1536K, reserved 1048576K
}
Event: 2.901 GC heap before
{Heap before GC invocations=3 (full 0):
 garbage-first heap   total 98304K, used 41984K [0x0000000080000000, 0x0000000100000000)
  region size 1024K, 31 young (31744K), 6 survivors (6144K)
 Metaspace       used 21189K, committed 21504K, reserved 1114112K
  class space    used 2427K, committed 2624K, reserved 1048576K
}
Event: 2.907 GC heap after
{Heap after GC invocations=4 (full 0):
 garbage-first heap   total 98304K, used 21487K [0x0000000080000000, 0x0000000100000000)
  region size 1024K, 8 young (8192K), 8 survivors (8192K)
 Metaspace       used 21189K, committed 21504K, reserved 1114112K
  class space    used 2427K, committed 2624K, reserved 1048576K
}
Event: 4.009 GC heap before
{Heap before GC invocations=5 (full 0):
 garbage-first heap   total 75776K, used 70639K [0x0000000080000000, 0x0000000100000000)
  region size 1024K, 57 young (58368K), 8 survivors (8192K)
 Metaspace       used 29531K, committed 30144K, reserved 1114112K
  class space    used 3755K, committed 4032K, reserved 1048576K
}
Event: 4.016 GC heap after
{Heap after GC invocations=6 (full 0):
 garbage-first heap   total 83968K, used 24725K [0x0000000080000000, 0x0000000100000000)
  region size 1024K, 7 young (7168K), 7 survivors (7168K)
 Metaspace       used 29531K, committed 30144K, reserved 1114112K
  class space    used 3755K, committed 4032K, reserved 1048576K
}
Event: 4.966 GC heap before
{Heap before GC invocations=6 (full 0):
 garbage-first heap   total 83968K, used 77973K [0x0000000080000000, 0x0000000100000000)
  region size 1024K, 49 young (50176K), 7 survivors (7168K)
 Metaspace       used 35004K, committed 35904K, reserved 1114112K
  class space    used 4687K, committed 5120K, reserved 1048576K
}
Event: 4.974 GC heap after
{Heap after GC invocations=7 (full 0):
 garbage-first heap   total 92160K, used 40117K [0x0000000080000000, 0x0000000100000000)
  region size 1024K, 7 young (7168K), 7 survivors (7168K)
 Metaspace       used 35004K, committed 35904K, reserved 1114112K
  class space    used 4687K, committed 5120K, reserved 1048576K
}
Event: 4.996 GC heap before
{Heap before GC invocations=7 (full 0):
 garbage-first heap   total 92160K, used 41141K [0x0000000080000000, 0x0000000100000000)
  region size 1024K, 9 young (9216K), 7 survivors (7168K)
 Metaspace       used 35079K, committed 35968K, reserved 1114112K
  class space    used 4700K, committed 5120K, reserved 1048576K
}
Event: 5.000 GC heap after
{Heap after GC invocations=8 (full 0):
 garbage-first heap   total 92160K, used 41579K [0x0000000080000000, 0x0000000100000000)
  region size 1024K, 2 young (2048K), 2 survivors (2048K)
 Metaspace       used 35079K, committed 35968K, reserved 1114112K
  class space    used 4700K, committed 5120K, reserved 1048576K
}
Event: 5.629 GC heap before
{Heap before GC invocations=9 (full 0):
 garbage-first heap   total 92160K, used 73323K [0x0000000080000000, 0x0000000100000000)
  region size 1024K, 33 young (33792K), 2 survivors (2048K)
 Metaspace       used 38911K, committed 39936K, reserved 1114112K
  class space    used 5312K, committed 5824K, reserved 1048576K
}
Event: 5.632 GC heap after
{Heap after GC invocations=10 (full 0):
 garbage-first heap   total 110592K, used 44343K [0x0000000080000000, 0x0000000100000000)
  region size 1024K, 3 young (3072K), 3 survivors (3072K)
 Metaspace       used 38911K, committed 39936K, reserved 1114112K
  class space    used 5312K, committed 5824K, reserved 1048576K
}
Event: 6.594 GC heap before
{Heap before GC invocations=10 (full 0):
 garbage-first heap   total 110592K, used 87351K [0x0000000080000000, 0x0000000100000000)
  region size 1024K, 46 young (47104K), 3 survivors (3072K)
 Metaspace       used 46755K, committed 48000K, reserved 1114112K
  class space    used 6384K, committed 7040K, reserved 1048576K
}
Event: 6.601 GC heap after
{Heap after GC invocations=11 (full 0):
 garbage-first heap   total 110592K, used 47045K [0x0000000080000000, 0x0000000100000000)
  region size 1024K, 6 young (6144K), 6 survivors (6144K)
 Metaspace       used 46755K, committed 48000K, reserved 1114112K
  class space    used 6384K, committed 7040K, reserved 1048576K
}

