# JRE version: OpenJDK Runtime Environment (21.0.4) (build 21.0.4+-12508038-b607.1)
# Java VM: OpenJDK 64-Bit Server VM (21.0.4+-12508038-b607.1, mixed mode, tiered, compressed oops, compressed class ptrs, g1 gc, windows-amd64)
GC Precious Log:
 CardTable entry size: 512
 Card Set container configuration: InlinePtr #cards 5 size 8 Array Of Cards #cards 12 size 40 Howl #buckets 4 coarsen threshold 1843 Howl Bitmap #cards 512 size 80 coarsen threshold 460 Card regions per heap region 1 cards per card region 2048
 CPUs: 8 total, 8 available
 Memory: 6091M
 Large Page Support: Disabled
 NUMA Support: Disabled
 Compressed Oops: Enabled (32-bit)
 Heap Region Size: 1M
 Heap Min Capacity: 8M
 Heap Initial Capacity: 96M
 Heap Max Capacity: 2G
 Pre-touch: Disabled
 Parallel Workers: 8
 Concurrent Workers: 2
 Concurrent Refinement Workers: 8
 Periodic GC: Disabled
Heap:
 garbage-first heap   total 355328K, used 256736K [0x0000000080000000, 0x0000000100000000)
  region size 1024K, 11 young (11264K), 2 survivors (2048K)
 Metaspace       used 152014K, committed 154304K, reserved 1245184K
  class space    used 19278K, committed 20416K, reserved 1048576K
GC Heap History (20 events):
Event: 23.385 GC heap before
{Heap before GC invocations=47 (full 0):
 garbage-first heap   total 227328K, used 183577K [0x0000000080000000, 0x0000000100000000)
  region size 1024K, 42 young (43008K), 9 survivors (9216K)
 Metaspace       used 148807K, committed 151104K, reserved 1245184K
  class space    used 19040K, committed 20160K, reserved 1048576K
}
Event: 23.407 GC heap after
{Heap after GC invocations=48 (full 0):
 garbage-first heap   total 227328K, used 167855K [0x0000000080000000, 0x0000000100000000)
  region size 1024K, 8 young (8192K), 8 survivors (8192K)
 Metaspace       used 148807K, committed 151104K, reserved 1245184K
  class space    used 19040K, committed 20160K, reserved 1048576K
}
Event: 23.722 GC heap before
{Heap before GC invocations=49 (full 0):
 garbage-first heap   total 285696K, used 204719K [0x0000000080000000, 0x0000000100000000)
  region size 1024K, 41 young (41984K), 8 survivors (8192K)
 Metaspace       used 148827K, committed 151168K, reserved 1245184K
  class space    used 19045K, committed 20224K, reserved 1048576K
}
Event: 23.742 GC heap after
{Heap after GC invocations=50 (full 0):
 garbage-first heap   total 285696K, used 182951K [0x0000000080000000, 0x0000000100000000)
  region size 1024K, 6 young (6144K), 6 survivors (6144K)
 Metaspace       used 148827K, committed 151168K, reserved 1245184K
  class space    used 19045K, committed 20224K, reserved 1048576K
}
Event: 24.223 GC heap before
{Heap before GC invocations=50 (full 0):
 garbage-first heap   total 285696K, used 239271K [0x0000000080000000, 0x0000000100000000)
  region size 1024K, 62 young (63488K), 6 survivors (6144K)
 Metaspace       used 149594K, committed 151872K, reserved 1245184K
  class space    used 19131K, committed 20288K, reserved 1048576K
}
Event: 24.241 GC heap after
{Heap after GC invocations=51 (full 0):
 garbage-first heap   total 285696K, used 187311K [0x0000000080000000, 0x0000000100000000)
  region size 1024K, 8 young (8192K), 8 survivors (8192K)
 Metaspace       used 149594K, committed 151872K, reserved 1245184K
  class space    used 19131K, committed 20288K, reserved 1048576K
}
Event: 25.135 GC heap before
{Heap before GC invocations=51 (full 0):
 garbage-first heap   total 285696K, used 244655K [0x0000000080000000, 0x0000000100000000)
  region size 1024K, 65 young (66560K), 8 survivors (8192K)
 Metaspace       used 149750K, committed 152064K, reserved 1245184K
  class space    used 19131K, committed 20288K, reserved 1048576K
}
Event: 25.149 GC heap after
{Heap after GC invocations=52 (full 0):
 garbage-first heap   total 343040K, used 193670K [0x0000000080000000, 0x0000000100000000)
  region size 1024K, 8 young (8192K), 8 survivors (8192K)
 Metaspace       used 149750K, committed 152064K, reserved 1245184K
  class space    used 19131K, committed 20288K, reserved 1048576K
}
Event: 26.251 GC heap before
{Heap before GC invocations=53 (full 0):
 garbage-first heap   total 343040K, used 281734K [0x0000000080000000, 0x0000000100000000)
  region size 1024K, 99 young (101376K), 8 survivors (8192K)
 Metaspace       used 149936K, committed 152256K, reserved 1245184K
  class space    used 19133K, committed 20288K, reserved 1048576K
}
Event: 26.264 GC heap after
{Heap after GC invocations=54 (full 0):
 garbage-first heap   total 343040K, used 196355K [0x0000000080000000, 0x0000000100000000)
  region size 1024K, 9 young (9216K), 9 survivors (9216K)
 Metaspace       used 149936K, committed 152256K, reserved 1245184K
  class space    used 19133K, committed 20288K, reserved 1048576K
}
Event: 27.122 GC heap before
{Heap before GC invocations=54 (full 0):
 garbage-first heap   total 343040K, used 297731K [0x0000000080000000, 0x0000000100000000)
  region size 1024K, 107 young (109568K), 9 survivors (9216K)
 Metaspace       used 150004K, committed 152320K, reserved 1245184K
  class space    used 19133K, committed 20288K, reserved 1048576K
}
Event: 27.156 GC heap after
{Heap after GC invocations=55 (full 0):
 garbage-first heap   total 343040K, used 205743K [0x0000000080000000, 0x0000000100000000)
  region size 1024K, 14 young (14336K), 14 survivors (14336K)
 Metaspace       used 150004K, committed 152320K, reserved 1245184K
  class space    used 19133K, committed 20288K, reserved 1048576K
}
Event: 28.166 GC heap before
{Heap before GC invocations=55 (full 0):
 garbage-first heap   total 343040K, used 269231K [0x0000000080000000, 0x0000000100000000)
  region size 1024K, 78 young (79872K), 14 survivors (14336K)
 Metaspace       used 150250K, committed 152576K, reserved 1245184K
  class space    used 19154K, committed 20288K, reserved 1048576K
}
Event: 28.197 GC heap after
{Heap after GC invocations=56 (full 0):
 garbage-first heap   total 343040K, used 210095K [0x0000000080000000, 0x0000000100000000)
  region size 1024K, 5 young (5120K), 5 survivors (5120K)
 Metaspace       used 150250K, committed 152576K, reserved 1245184K
  class space    used 19154K, committed 20288K, reserved 1048576K
}
Event: 29.407 GC heap before
{Heap before GC invocations=57 (full 0):
 garbage-first heap   total 355328K, used 317615K [0x0000000080000000, 0x0000000100000000)
  region size 1024K, 93 young (95232K), 5 survivors (5120K)
 Metaspace       used 150379K, committed 152640K, reserved 1245184K
  class space    used 19154K, committed 20288K, reserved 1048576K
}
Event: 29.436 GC heap after
{Heap after GC invocations=58 (full 0):
 garbage-first heap   total 355328K, used 239850K [0x0000000080000000, 0x0000000100000000)
  region size 1024K, 12 young (12288K), 12 survivors (12288K)
 Metaspace       used 150379K, committed 152640K, reserved 1245184K
  class space    used 19154K, committed 20288K, reserved 1048576K
}
Event: 30.932 GC heap before
{Heap before GC invocations=58 (full 0):
 garbage-first heap   total 355328K, used 319722K [0x0000000080000000, 0x0000000100000000)
  region size 1024K, 85 young (87040K), 12 survivors (12288K)
 Metaspace       used 151449K, committed 153728K, reserved 1245184K
  class space    used 19221K, committed 20352K, reserved 1048576K
}
Event: 30.985 GC heap after
{Heap after GC invocations=59 (full 0):
 garbage-first heap   total 355328K, used 251312K [0x0000000080000000, 0x0000000100000000)
  region size 1024K, 11 young (11264K), 11 survivors (11264K)
 Metaspace       used 151449K, committed 153728K, reserved 1245184K
  class space    used 19221K, committed 20352K, reserved 1048576K
}
Event: 31.031 GC heap before
{Heap before GC invocations=59 (full 0):
 garbage-first heap   total 355328K, used 252336K [0x0000000080000000, 0x0000000100000000)
  region size 1024K, 13 young (13312K), 11 survivors (11264K)
 Metaspace       used 151508K, committed 153792K, reserved 1245184K
  class space    used 19229K, committed 20352K, reserved 1048576K
}
Event: 31.044 GC heap after
{Heap after GC invocations=60 (full 0):
 garbage-first heap   total 355328K, used 253664K [0x0000000080000000, 0x0000000100000000)
  region size 1024K, 2 young (2048K), 2 survivors (2048K)
 Metaspace       used 151508K, committed 153792K, reserved 1245184K
  class space    used 19229K, committed 20352K, reserved 1048576K
}

