# JRE version: OpenJDK Runtime Environment (21.0.4) (build 21.0.4+-12508038-b607.1)
# Java VM: OpenJDK 64-Bit Server VM (21.0.4+-12508038-b607.1, mixed mode, tiered, compressed oops, compressed class ptrs, g1 gc, windows-amd64)
GC Precious Log:
 CardTable entry size: 512
 Card Set container configuration: InlinePtr #cards 5 size 8 Array Of Cards #cards 12 size 40 Howl #buckets 4 coarsen threshold 1843 Howl Bitmap #cards 512 size 80 coarsen threshold 460 Card regions per heap region 1 cards per card region 2048
 CPUs: 8 total, 8 available
 Memory: 6091M
 Large Page Support: Disabled
 NUMA Support: Disabled
 Compressed Oops: Enabled (32-bit)
 Heap Region Size: 1M
 Heap Min Capacity: 8M
 Heap Initial Capacity: 96M
 Heap Max Capacity: 2G
 Pre-touch: Disabled
 Parallel Workers: 8
 Concurrent Workers: 2
 Concurrent Refinement Workers: 8
 Periodic GC: Disabled
Heap:
 garbage-first heap   total 408576K, used 298263K [0x0000000080000000, 0x0000000100000000)
  region size 1024K, 61 young (62464K), 7 survivors (7168K)
 Metaspace       used 198002K, committed 200832K, reserved 1245184K
  class space    used 25370K, committed 26752K, reserved 1048576K
GC Heap History (20 events):
Event: 35.254 GC heap before
{Heap before GC invocations=60 (full 0):
 garbage-first heap   total 357376K, used 314551K [0x0000000080000000, 0x0000000100000000)
  region size 1024K, 91 young (93184K), 5 survivors (5120K)
 Metaspace       used 183033K, committed 185728K, reserved 1245184K
  class space    used 23438K, committed 24768K, reserved 1048576K
}
Event: 35.264 GC heap after
{Heap after GC invocations=61 (full 0):
 garbage-first heap   total 357376K, used 229375K [0x0000000080000000, 0x0000000100000000)
  region size 1024K, 12 young (12288K), 12 survivors (12288K)
 Metaspace       used 183033K, committed 185728K, reserved 1245184K
  class space    used 23438K, committed 24768K, reserved 1048576K
}
Event: 36.573 GC heap before
{Heap before GC invocations=61 (full 0):
 garbage-first heap   total 357376K, used 325631K [0x0000000080000000, 0x0000000100000000)
  region size 1024K, 106 young (108544K), 12 survivors (12288K)
 Metaspace       used 183036K, committed 185728K, reserved 1245184K
  class space    used 23438K, committed 24768K, reserved 1048576K
}
Event: 36.595 GC heap after
{Heap after GC invocations=62 (full 0):
 garbage-first heap   total 357376K, used 232831K [0x0000000080000000, 0x0000000100000000)
  region size 1024K, 6 young (6144K), 6 survivors (6144K)
 Metaspace       used 183036K, committed 185728K, reserved 1245184K
  class space    used 23438K, committed 24768K, reserved 1048576K
}
Event: 37.743 GC heap before
{Heap before GC invocations=62 (full 0):
 garbage-first heap   total 357376K, used 329087K [0x0000000080000000, 0x0000000100000000)
  region size 1024K, 100 young (102400K), 6 survivors (6144K)
 Metaspace       used 183037K, committed 185728K, reserved 1245184K
  class space    used 23438K, committed 24768K, reserved 1048576K
}
Event: 37.752 GC heap after
{Heap after GC invocations=63 (full 0):
 garbage-first heap   total 357376K, used 234182K [0x0000000080000000, 0x0000000100000000)
  region size 1024K, 9 young (9216K), 9 survivors (9216K)
 Metaspace       used 183037K, committed 185728K, reserved 1245184K
  class space    used 23438K, committed 24768K, reserved 1048576K
}
Event: 39.551 GC heap before
{Heap before GC invocations=63 (full 0):
 garbage-first heap   total 357376K, used 328390K [0x0000000080000000, 0x0000000100000000)
  region size 1024K, 101 young (103424K), 9 survivors (9216K)
 Metaspace       used 183037K, committed 185728K, reserved 1245184K
  class space    used 23438K, committed 24768K, reserved 1048576K
}
Event: 39.563 GC heap after
{Heap after GC invocations=64 (full 0):
 garbage-first heap   total 357376K, used 237608K [0x0000000080000000, 0x0000000100000000)
  region size 1024K, 9 young (9216K), 9 survivors (9216K)
 Metaspace       used 183037K, committed 185728K, reserved 1245184K
  class space    used 23438K, committed 24768K, reserved 1048576K
}
Event: 41.345 GC heap before
{Heap before GC invocations=65 (full 0):
 garbage-first heap   total 394240K, used 324648K [0x0000000080000000, 0x0000000100000000)
  region size 1024K, 96 young (98304K), 9 survivors (9216K)
 Metaspace       used 183037K, committed 185728K, reserved 1245184K
  class space    used 23438K, committed 24768K, reserved 1048576K
}
Event: 41.355 GC heap after
{Heap after GC invocations=66 (full 0):
 garbage-first heap   total 394240K, used 239121K [0x0000000080000000, 0x0000000100000000)
  region size 1024K, 9 young (9216K), 9 survivors (9216K)
 Metaspace       used 183037K, committed 185728K, reserved 1245184K
  class space    used 23438K, committed 24768K, reserved 1048576K
}
Event: 42.461 GC heap before
{Heap before GC invocations=66 (full 0):
 garbage-first heap   total 394240K, used 364049K [0x0000000080000000, 0x0000000100000000)
  region size 1024K, 131 young (134144K), 9 survivors (9216K)
 Metaspace       used 183037K, committed 185728K, reserved 1245184K
  class space    used 23438K, committed 24768K, reserved 1048576K
}
Event: 42.473 GC heap after
{Heap after GC invocations=67 (full 0):
 garbage-first heap   total 394240K, used 231852K [0x0000000080000000, 0x0000000100000000)
  region size 1024K, 14 young (14336K), 14 survivors (14336K)
 Metaspace       used 183037K, committed 185728K, reserved 1245184K
  class space    used 23438K, committed 24768K, reserved 1048576K
}
Event: 43.438 GC heap before
{Heap before GC invocations=67 (full 0):
 garbage-first heap   total 394240K, used 358828K [0x0000000080000000, 0x0000000100000000)
  region size 1024K, 138 young (141312K), 14 survivors (14336K)
 Metaspace       used 183037K, committed 185728K, reserved 1245184K
  class space    used 23438K, committed 24768K, reserved 1048576K
}
Event: 43.456 GC heap after
{Heap after GC invocations=68 (full 0):
 garbage-first heap   total 394240K, used 235580K [0x0000000080000000, 0x0000000100000000)
  region size 1024K, 14 young (14336K), 14 survivors (14336K)
 Metaspace       used 183037K, committed 185728K, reserved 1245184K
  class space    used 23438K, committed 24768K, reserved 1048576K
}
Event: 45.551 GC heap before
{Heap before GC invocations=69 (full 0):
 garbage-first heap   total 394240K, used 367676K [0x0000000080000000, 0x0000000100000000)
  region size 1024K, 134 young (137216K), 14 survivors (14336K)
 Metaspace       used 189218K, committed 191936K, reserved 1245184K
  class space    used 24221K, committed 25536K, reserved 1048576K
}
Event: 45.569 GC heap after
{Heap after GC invocations=70 (full 0):
 garbage-first heap   total 394240K, used 239745K [0x0000000080000000, 0x0000000100000000)
  region size 1024K, 11 young (11264K), 11 survivors (11264K)
 Metaspace       used 189218K, committed 191936K, reserved 1245184K
  class space    used 24221K, committed 25536K, reserved 1048576K
}
Event: 47.380 GC heap before
{Heap before GC invocations=70 (full 0):
 garbage-first heap   total 394240K, used 363649K [0x0000000080000000, 0x0000000100000000)
  region size 1024K, 130 young (133120K), 11 survivors (11264K)
 Metaspace       used 197960K, committed 200768K, reserved 1245184K
  class space    used 25368K, committed 26752K, reserved 1048576K
}
Event: 47.394 GC heap after
{Heap after GC invocations=71 (full 0):
 garbage-first heap   total 394240K, used 242605K [0x0000000080000000, 0x0000000100000000)
  region size 1024K, 13 young (13312K), 13 survivors (13312K)
 Metaspace       used 197960K, committed 200768K, reserved 1245184K
  class space    used 25368K, committed 26752K, reserved 1048576K
}
Event: 48.003 GC heap before
{Heap before GC invocations=71 (full 0):
 garbage-first heap   total 394240K, used 358317K [0x0000000080000000, 0x0000000100000000)
  region size 1024K, 127 young (130048K), 13 survivors (13312K)
 Metaspace       used 198000K, committed 200832K, reserved 1245184K
  class space    used 25370K, committed 26752K, reserved 1048576K
}
Event: 48.014 GC heap after
{Heap after GC invocations=72 (full 0):
 garbage-first heap   total 394240K, used 243991K [0x0000000080000000, 0x0000000100000000)
  region size 1024K, 7 young (7168K), 7 survivors (7168K)
 Metaspace       used 198000K, committed 200832K, reserved 1245184K
  class space    used 25370K, committed 26752K, reserved 1048576K
}

